ISim log file
Running: D:\AMP\Research and Development\FPGA\XilinxSpartan6-VGA_BlinkRGB\TB_TopModule_isim_beh.exe -intstyle ise -gui -tclbatch isim.cmd -wdb D:/AMP/Research and Development/FPGA/XilinxSpartan6-VGA_BlinkRGB/TB_TopModule_isim_beh.wdb 
ISim P.20131013 (signature 0x7708f090)
This is a Full version of ISim.
Time resolution is 1 ps
# onerror resume
# wave add /
# run 1000 ns
Simulator is doing circuit initialization process.
Finished circuit initialization process.
# run 1.00us
# run 1.00us
# run 1.00us
# run 1ms
# run 1ms
# restart
# run 10ms
Simulator is doing circuit initialization process.
Finished circuit initialization process.
# restart
# run 10ms
Simulator is doing circuit initialization process.
Finished circuit initialization process.
Stopped at time : 5565257500 ps : File "D:/AMP/Research and Development/FPGA/XilinxSpartan6-VGA_BlinkRGB/ipcore_dir/DigitalClockManager.vhd" Line 170
ISim P.20131013 (signature 0x7708f090)
This is a Full version of ISim.
# run 1000 ns
Simulator is doing circuit initialization process.
Finished circuit initialization process.
# restart
# run 10ms
Simulator is doing circuit initialization process.
Finished circuit initialization process.
ISim P.20131013 (signature 0x7708f090)
This is a Full version of ISim.
# run 1000 ns
Simulator is doing circuit initialization process.
Finished circuit initialization process.
# run 10ms
ISim P.20131013 (signature 0x7708f090)
This is a Full version of ISim.
# run 1000 ns
Simulator is doing circuit initialization process.
Finished circuit initialization process.
# restart
# run 10ms
Simulator is doing circuit initialization process.
Finished circuit initialization process.
ISim P.20131013 (signature 0x7708f090)
This is a Full version of ISim.
# run 1000 ns
Simulator is doing circuit initialization process.
Finished circuit initialization process.
# run 10ms
# run 10ms
# restart
ISim P.20131013 (signature 0x7708f090)
This is a Full version of ISim.
# run 1000 ns
Simulator is doing circuit initialization process.
Finished circuit initialization process.
# run 10ms
# run 10ms
# run 10ms
# run 10ms
# restart
ISim P.20131013 (signature 0x7708f090)
This is a Full version of ISim.
# run 1000 ns
Simulator is doing circuit initialization process.
Finished circuit initialization process.
# restart
# run 10ms
Simulator is doing circuit initialization process.
Finished circuit initialization process.
